<?xml version='1.0'?>
<ns2:test-suite xmlns:ns2='urn:model.allure.qatools.yandex.ru' start='1570176407179' stop='1570176410865'>
    <name>Login: Verify user blank 2 field and can't login system</name>
    <title>Login: Verify user blank 2 field and can't login system</title>
    <test-cases>
        <test-case start='1570176407182' status='passed' stop='1570176410502'>
            <name>Given User Open website MMAP</name>
            <title>Given User Open website MMAP</title>
            <labels>
                <label name='language' value='javascript'/>
                <label name='framework' value='wdio'/>
                <label name='thread' value='0-0'/>
            </labels>
            <parameters>
                <parameter kind='argument' name='browser' value='chrome'/>
            </parameters>
            <steps/>
            <attachments/>
        </test-case>
        <test-case start='1570176410502' status='passed' stop='1570176410856'>
            <name>When User blank 2 field</name>
            <title>When User blank 2 field</title>
            <labels>
                <label name='language' value='javascript'/>
                <label name='framework' value='wdio'/>
                <label name='thread' value='0-0'/>
            </labels>
            <parameters>
                <parameter kind='argument' name='browser' value='chrome'/>
            </parameters>
            <steps/>
            <attachments/>
        </test-case>
        <test-case start='1570176410856' status='failed' stop='1570176410863'>
            <name>Then User can't login system 1st</name>
            <title>Then User can't login system 1st</title>
            <labels>
                <label name='language' value='javascript'/>
                <label name='framework' value='wdio'/>
                <label name='thread' value='0-0'/>
            </labels>
            <parameters>
                <parameter kind='argument' name='browser' value='chrome'/>
            </parameters>
            <steps/>
            <attachments/>
            <failure>
                <message>Please input Email and password to sign in.: expected '//*[text()="Please input Email and password to sign in."]' to be an object</message>
                <stack-trace>AssertionError: Please input Email and password to sign in.: expected '//*[text()="Please input Email and password to sign in."]' to be an object
                    at World.isObject (D:\WebdriverIO\tests\step-definitions/Login.spec.js:11:12)
                    at World.executeSync (D:\WebdriverIO\node_modules\@wdio\sync\build\index.js:44:18)
                    at D:\WebdriverIO\node_modules\@wdio\sync\build\index.js:102:70</stack-trace>
            </failure>
        </test-case>
    </test-cases>
</ns2:test-suite>